[I 2026-04-15 15:41:48.196 ServerApp] jupyter_lsp | extension was successfully linked.
[I 2026-04-15 15:41:48.200 ServerApp] jupyter_server_terminals | extension was successfully linked.
[W 2026-04-15 15:41:48.203 LabApp] 'token' has moved from NotebookApp to ServerApp. This config will be passed to ServerApp. Be sure to update your config before our next release.
[W 2026-04-15 15:41:48.208 ServerApp] ServerApp.token config is deprecated in 2.0. Use IdentityProvider.token.
[I 2026-04-15 15:41:48.208 ServerApp] jupyterlab | extension was successfully linked.
[I 2026-04-15 15:41:48.212 ServerApp] notebook | extension was successfully linked.
[I 2026-04-15 15:41:48.217 ServerApp] Writing Jupyter server cookie secret to /root/.local/share/jupyter/runtime/jupyter_cookie_secret
[I 2026-04-15 15:41:48.677 ServerApp] notebook_shim | extension was successfully linked.
[I 2026-04-15 15:41:48.700 ServerApp] notebook_shim | extension was successfully loaded.
[I 2026-04-15 15:41:48.704 ServerApp] jupyter_lsp | extension was successfully loaded.
[I 2026-04-15 15:41:48.706 ServerApp] jupyter_server_terminals | extension was successfully loaded.
[I 2026-04-15 15:41:48.709 LabApp] JupyterLab extension loaded from /usr/local/lib/python3.12/dist-packages/jupyterlab
[I 2026-04-15 15:41:48.710 LabApp] JupyterLab application directory is /usr/local/share/jupyter/lab
[I 2026-04-15 15:41:48.710 LabApp] Extension Manager is 'pypi'.
[I 2026-04-15 15:41:48.787 ServerApp] jupyterlab | extension was successfully loaded.
[I 2026-04-15 15:41:48.791 ServerApp] notebook | extension was successfully loaded.
[I 2026-04-15 15:41:48.793 ServerApp] Serving notebooks from local directory: /workspaces/vital-ai-windesheim-groep-4
[I 2026-04-15 15:41:48.793 ServerApp] Jupyter Server 2.17.0 is running at:
[I 2026-04-15 15:41:48.794 ServerApp] http://64cac2ba0423:8888/tree?token=...
[I 2026-04-15 15:41:48.794 ServerApp]     http://127.0.0.1:8888/tree?token=...
[I 2026-04-15 15:41:48.794 ServerApp] Use Control-C to stop this server and shut down all kernels (twice to skip confirmation).
[I 2026-04-15 15:41:49.202 ServerApp] Skipped non-installed server(s): basedpyright, bash-language-server, dockerfile-language-server-nodejs, javascript-typescript-langserver, jedi-language-server, julia-language-server, pyrefly, pyright, python-language-server, python-lsp-server, r-languageserver, sql-language-server, texlab, typescript-language-server, unified-language-server, vscode-css-languageserver-bin, vscode-html-languageserver-bin, vscode-json-languageserver-bin, yaml-language-server
WARNING: You don't seem to have any mimeinfo.cache files.
Try running the update-desktop-database command. If you
don't have this command you should install the
desktop-file-utils package. This package is available from
http://freedesktop.org/wiki/Software/desktop-file-utils/
No applications found for mimetype: text/html
./usr/bin/xdg-open: 882: x-www-browser: not found
/usr/bin/xdg-open: 882: firefox: not found
/usr/bin/xdg-open: 882: iceweasel: not found
/usr/bin/xdg-open: 882: seamonkey: not found
/usr/bin/xdg-open: 882: mozilla: not found
/usr/bin/xdg-open: 882: epiphany: not found
/usr/bin/xdg-open: 882: konqueror: not found
/usr/bin/xdg-open: 882: chromium: not found
/usr/bin/xdg-open: 882: chromium-browser: not found
/usr/bin/xdg-open: 882: google-chrome: not found
/usr/bin/xdg-open: 882: www-browser: not found
/usr/bin/xdg-open: 882: links2: not found
/usr/bin/xdg-open: 882: elinks: not found
/usr/bin/xdg-open: 882: links: not found
/usr/bin/xdg-open: 882: lynx: not found
/usr/bin/xdg-open: 882: w3m: not found
xdg-open: no method available for opening 'file:///root/.local/share/jupyter/runtime/jpserver-408-open.html'
[I 2026-04-15 17:07:12.434 ServerApp] jupyter_lsp | extension was successfully linked.
[I 2026-04-15 17:07:12.442 ServerApp] jupyter_server_terminals | extension was successfully linked.
[W 2026-04-15 17:07:12.447 LabApp] 'token' has moved from NotebookApp to ServerApp. This config will be passed to ServerApp. Be sure to update your config before our next release.
[W 2026-04-15 17:07:12.453 ServerApp] ServerApp.token config is deprecated in 2.0. Use IdentityProvider.token.
[I 2026-04-15 17:07:12.454 ServerApp] jupyterlab | extension was successfully linked.
[I 2026-04-15 17:07:12.459 ServerApp] notebook | extension was successfully linked.
[I 2026-04-15 17:07:12.978 ServerApp] notebook_shim | extension was successfully linked.
[I 2026-04-15 17:07:13.001 ServerApp] notebook_shim | extension was successfully loaded.
[I 2026-04-15 17:07:13.005 ServerApp] jupyter_lsp | extension was successfully loaded.
[I 2026-04-15 17:07:13.006 ServerApp] jupyter_server_terminals | extension was successfully loaded.
[I 2026-04-15 17:07:13.012 LabApp] JupyterLab extension loaded from /usr/local/lib/python3.12/dist-packages/jupyterlab
[I 2026-04-15 17:07:13.013 LabApp] JupyterLab application directory is /usr/local/share/jupyter/lab
[I 2026-04-15 17:07:13.014 LabApp] Extension Manager is 'pypi'.
[I 2026-04-15 17:07:13.069 ServerApp] jupyterlab | extension was successfully loaded.
[I 2026-04-15 17:07:13.074 ServerApp] notebook | extension was successfully loaded.
[I 2026-04-15 17:07:13.075 ServerApp] Serving notebooks from local directory: /workspaces/vital-ai-windesheim-groep-4
[I 2026-04-15 17:07:13.076 ServerApp] Jupyter Server 2.17.0 is running at:
[I 2026-04-15 17:07:13.076 ServerApp] http://64cac2ba0423:8888/tree?token=...
[I 2026-04-15 17:07:13.076 ServerApp]     http://127.0.0.1:8888/tree?token=...
[I 2026-04-15 17:07:13.077 ServerApp] Use Control-C to stop this server and shut down all kernels (twice to skip confirmation).
[I 2026-04-15 17:07:13.359 ServerApp] Skipped non-installed server(s): basedpyright, bash-language-server, dockerfile-language-server-nodejs, javascript-typescript-langserver, jedi-language-server, julia-language-server, pyrefly, pyright, python-language-server, python-lsp-server, r-languageserver, sql-language-server, texlab, typescript-language-server, unified-language-server, vscode-css-languageserver-bin, vscode-html-languageserver-bin, vscode-json-languageserver-bin, yaml-language-server
WARNING: You don't seem to have any mimeinfo.cache files.
Try running the update-desktop-database command. If you
don't have this command you should install the
desktop-file-utils package. This package is available from
http://freedesktop.org/wiki/Software/desktop-file-utils/
No applications found for mimetype: text/html
./usr/bin/xdg-open: 882: x-www-browser: not found
/usr/bin/xdg-open: 882: firefox: not found
/usr/bin/xdg-open: 882: iceweasel: not found
/usr/bin/xdg-open: 882: seamonkey: not found
/usr/bin/xdg-open: 882: mozilla: not found
/usr/bin/xdg-open: 882: epiphany: not found
/usr/bin/xdg-open: 882: konqueror: not found
/usr/bin/xdg-open: 882: chromium: not found
/usr/bin/xdg-open: 882: chromium-browser: not found
/usr/bin/xdg-open: 882: google-chrome: not found
/usr/bin/xdg-open: 882: www-browser: not found
/usr/bin/xdg-open: 882: links2: not found
/usr/bin/xdg-open: 882: elinks: not found
/usr/bin/xdg-open: 882: links: not found
/usr/bin/xdg-open: 882: lynx: not found
/usr/bin/xdg-open: 882: w3m: not found
xdg-open: no method available for opening 'file:///root/.local/share/jupyter/runtime/jpserver-354-open.html'
[I 2026-04-15 18:03:45.999 ServerApp] jupyter_lsp | extension was successfully linked.
[I 2026-04-15 18:03:46.003 ServerApp] jupyter_server_terminals | extension was successfully linked.
[W 2026-04-15 18:03:46.005 LabApp] 'token' has moved from NotebookApp to ServerApp. This config will be passed to ServerApp. Be sure to update your config before our next release.
[W 2026-04-15 18:03:46.010 ServerApp] ServerApp.token config is deprecated in 2.0. Use IdentityProvider.token.
[I 2026-04-15 18:03:46.010 ServerApp] jupyterlab | extension was successfully linked.
[I 2026-04-15 18:03:46.015 ServerApp] notebook | extension was successfully linked.
[I 2026-04-15 18:03:46.443 ServerApp] notebook_shim | extension was successfully linked.
[I 2026-04-15 18:03:46.477 ServerApp] notebook_shim | extension was successfully loaded.
[I 2026-04-15 18:03:46.482 ServerApp] jupyter_lsp | extension was successfully loaded.
[I 2026-04-15 18:03:46.484 ServerApp] jupyter_server_terminals | extension was successfully loaded.
[I 2026-04-15 18:03:46.494 LabApp] JupyterLab extension loaded from /usr/local/lib/python3.12/dist-packages/jupyterlab
[I 2026-04-15 18:03:46.494 LabApp] JupyterLab application directory is /usr/local/share/jupyter/lab
[I 2026-04-15 18:03:46.495 LabApp] Extension Manager is 'pypi'.
[I 2026-04-15 18:03:46.584 ServerApp] jupyterlab | extension was successfully loaded.
[I 2026-04-15 18:03:46.589 ServerApp] notebook | extension was successfully loaded.
[I 2026-04-15 18:03:46.590 ServerApp] Serving notebooks from local directory: /workspaces/vital-ai-windesheim-groep-4
[I 2026-04-15 18:03:46.591 ServerApp] Jupyter Server 2.17.0 is running at:
[I 2026-04-15 18:03:46.591 ServerApp] http://64cac2ba0423:8888/tree?token=...
[I 2026-04-15 18:03:46.592 ServerApp]     http://127.0.0.1:8888/tree?token=...
[I 2026-04-15 18:03:46.592 ServerApp] Use Control-C to stop this server and shut down all kernels (twice to skip confirmation).
[I 2026-04-15 18:03:47.031 ServerApp] Skipped non-installed server(s): basedpyright, bash-language-server, dockerfile-language-server-nodejs, javascript-typescript-langserver, jedi-language-server, julia-language-server, pyrefly, pyright, python-language-server, python-lsp-server, r-languageserver, sql-language-server, texlab, typescript-language-server, unified-language-server, vscode-css-languageserver-bin, vscode-html-languageserver-bin, vscode-json-languageserver-bin, yaml-language-server
WARNING: You don't seem to have any mimeinfo.cache files.
Try running the update-desktop-database command. If you
don't have this command you should install the
desktop-file-utils package. This package is available from
http://freedesktop.org/wiki/Software/desktop-file-utils/
No applications found for mimetype: text/html
./usr/bin/xdg-open: 882: x-www-browser: not found
/usr/bin/xdg-open: 882: firefox: not found
/usr/bin/xdg-open: 882: iceweasel: not found
/usr/bin/xdg-open: 882: seamonkey: not found
/usr/bin/xdg-open: 882: mozilla: not found
/usr/bin/xdg-open: 882: epiphany: not found
/usr/bin/xdg-open: 882: konqueror: not found
/usr/bin/xdg-open: 882: chromium: not found
/usr/bin/xdg-open: 882: chromium-browser: not found
/usr/bin/xdg-open: 882: google-chrome: not found
/usr/bin/xdg-open: 882: www-browser: not found
/usr/bin/xdg-open: 882: links2: not found
/usr/bin/xdg-open: 882: elinks: not found
/usr/bin/xdg-open: 882: links: not found
/usr/bin/xdg-open: 882: lynx: not found
/usr/bin/xdg-open: 882: w3m: not found
xdg-open: no method available for opening 'file:///root/.local/share/jupyter/runtime/jpserver-356-open.html'
[I 2026-04-19 13:16:34.102 ServerApp] jupyter_lsp | extension was successfully linked.
[I 2026-04-19 13:16:34.111 ServerApp] jupyter_server_terminals | extension was successfully linked.
[W 2026-04-19 13:16:34.117 LabApp] 'token' has moved from NotebookApp to ServerApp. This config will be passed to ServerApp. Be sure to update your config before our next release.
[W 2026-04-19 13:16:34.129 ServerApp] ServerApp.token config is deprecated in 2.0. Use IdentityProvider.token.
[I 2026-04-19 13:16:34.131 ServerApp] jupyterlab | extension was successfully linked.
[I 2026-04-19 13:16:34.140 ServerApp] notebook | extension was successfully linked.
[I 2026-04-19 13:16:35.045 ServerApp] notebook_shim | extension was successfully linked.
[I 2026-04-19 13:16:35.074 ServerApp] notebook_shim | extension was successfully loaded.
[I 2026-04-19 13:16:35.078 ServerApp] jupyter_lsp | extension was successfully loaded.
[I 2026-04-19 13:16:35.079 ServerApp] jupyter_server_terminals | extension was successfully loaded.
[I 2026-04-19 13:16:35.088 LabApp] JupyterLab extension loaded from /usr/local/lib/python3.12/dist-packages/jupyterlab
[I 2026-04-19 13:16:35.089 LabApp] JupyterLab application directory is /usr/local/share/jupyter/lab
[I 2026-04-19 13:16:35.090 LabApp] Extension Manager is 'pypi'.
[I 2026-04-19 13:16:35.171 ServerApp] jupyterlab | extension was successfully loaded.
[I 2026-04-19 13:16:35.175 ServerApp] notebook | extension was successfully loaded.
[I 2026-04-19 13:16:35.176 ServerApp] Serving notebooks from local directory: /workspaces/vital-ai-windesheim-groep-4
[I 2026-04-19 13:16:35.176 ServerApp] Jupyter Server 2.17.0 is running at:
[I 2026-04-19 13:16:35.177 ServerApp] http://64cac2ba0423:8888/tree?token=...
[I 2026-04-19 13:16:35.177 ServerApp]     http://127.0.0.1:8888/tree?token=...
[I 2026-04-19 13:16:35.177 ServerApp] Use Control-C to stop this server and shut down all kernels (twice to skip confirmation).
[I 2026-04-19 13:16:35.544 ServerApp] Skipped non-installed server(s): basedpyright, bash-language-server, dockerfile-language-server-nodejs, javascript-typescript-langserver, jedi-language-server, julia-language-server, pyrefly, pyright, python-language-server, python-lsp-server, r-languageserver, sql-language-server, texlab, typescript-language-server, unified-language-server, vscode-css-languageserver-bin, vscode-html-languageserver-bin, vscode-json-languageserver-bin, yaml-language-server
WARNING: You don't seem to have any mimeinfo.cache files.
Try running the update-desktop-database command. If you
don't have this command you should install the
desktop-file-utils package. This package is available from
http://freedesktop.org/wiki/Software/desktop-file-utils/
No applications found for mimetype: text/html
./usr/bin/xdg-open: 882: x-www-browser: not found
/usr/bin/xdg-open: 882: firefox: not found
/usr/bin/xdg-open: 882: iceweasel: not found
/usr/bin/xdg-open: 882: seamonkey: not found
/usr/bin/xdg-open: 882: mozilla: not found
/usr/bin/xdg-open: 882: epiphany: not found
/usr/bin/xdg-open: 882: konqueror: not found
/usr/bin/xdg-open: 882: chromium: not found
/usr/bin/xdg-open: 882: chromium-browser: not found
/usr/bin/xdg-open: 882: google-chrome: not found
/usr/bin/xdg-open: 882: www-browser: not found
/usr/bin/xdg-open: 882: links2: not found
/usr/bin/xdg-open: 882: elinks: not found
/usr/bin/xdg-open: 882: links: not found
/usr/bin/xdg-open: 882: lynx: not found
/usr/bin/xdg-open: 882: w3m: not found
xdg-open: no method available for opening 'file:///root/.local/share/jupyter/runtime/jpserver-356-open.html'
[I 2026-04-19 18:07:31.214 ServerApp] jupyter_lsp | extension was successfully linked.
[I 2026-04-19 18:07:31.219 ServerApp] jupyter_server_terminals | extension was successfully linked.
[W 2026-04-19 18:07:31.220 LabApp] 'token' has moved from NotebookApp to ServerApp. This config will be passed to ServerApp. Be sure to update your config before our next release.
[W 2026-04-19 18:07:31.223 ServerApp] ServerApp.token config is deprecated in 2.0. Use IdentityProvider.token.
[I 2026-04-19 18:07:31.224 ServerApp] jupyterlab | extension was successfully linked.
[I 2026-04-19 18:07:31.227 ServerApp] notebook | extension was successfully linked.
[I 2026-04-19 18:07:31.751 ServerApp] notebook_shim | extension was successfully linked.
[I 2026-04-19 18:07:31.776 ServerApp] notebook_shim | extension was successfully loaded.
[I 2026-04-19 18:07:31.780 ServerApp] jupyter_lsp | extension was successfully loaded.
[I 2026-04-19 18:07:31.781 ServerApp] jupyter_server_terminals | extension was successfully loaded.
[I 2026-04-19 18:07:31.789 LabApp] JupyterLab extension loaded from /usr/local/lib/python3.12/dist-packages/jupyterlab
[I 2026-04-19 18:07:31.789 LabApp] JupyterLab application directory is /usr/local/share/jupyter/lab
[I 2026-04-19 18:07:31.790 LabApp] Extension Manager is 'pypi'.
[I 2026-04-19 18:07:31.858 ServerApp] jupyterlab | extension was successfully loaded.
[I 2026-04-19 18:07:31.862 ServerApp] notebook | extension was successfully loaded.
[I 2026-04-19 18:07:31.864 ServerApp] Serving notebooks from local directory: /workspaces/vital-ai-windesheim-groep-4
[I 2026-04-19 18:07:31.864 ServerApp] Jupyter Server 2.17.0 is running at:
[I 2026-04-19 18:07:31.864 ServerApp] http://64cac2ba0423:8888/tree?token=...
[I 2026-04-19 18:07:31.864 ServerApp]     http://127.0.0.1:8888/tree?token=...
[I 2026-04-19 18:07:31.865 ServerApp] Use Control-C to stop this server and shut down all kernels (twice to skip confirmation).
[I 2026-04-19 18:07:32.162 ServerApp] Skipped non-installed server(s): basedpyright, bash-language-server, dockerfile-language-server-nodejs, javascript-typescript-langserver, jedi-language-server, julia-language-server, pyrefly, pyright, python-language-server, python-lsp-server, r-languageserver, sql-language-server, texlab, typescript-language-server, unified-language-server, vscode-css-languageserver-bin, vscode-html-languageserver-bin, vscode-json-languageserver-bin, yaml-language-server
WARNING: You don't seem to have any mimeinfo.cache files.
Try running the update-desktop-database command. If you
don't have this command you should install the
desktop-file-utils package. This package is available from
http://freedesktop.org/wiki/Software/desktop-file-utils/
No applications found for mimetype: text/html
./usr/bin/xdg-open: 882: x-www-browser: not found
/usr/bin/xdg-open: 882: firefox: not found
/usr/bin/xdg-open: 882: iceweasel: not found
/usr/bin/xdg-open: 882: seamonkey: not found
/usr/bin/xdg-open: 882: mozilla: not found
/usr/bin/xdg-open: 882: epiphany: not found
/usr/bin/xdg-open: 882: konqueror: not found
/usr/bin/xdg-open: 882: chromium: not found
/usr/bin/xdg-open: 882: chromium-browser: not found
/usr/bin/xdg-open: 882: google-chrome: not found
/usr/bin/xdg-open: 882: www-browser: not found
/usr/bin/xdg-open: 882: links2: not found
/usr/bin/xdg-open: 882: elinks: not found
/usr/bin/xdg-open: 882: links: not found
/usr/bin/xdg-open: 882: lynx: not found
/usr/bin/xdg-open: 882: w3m: not found
xdg-open: no method available for opening 'file:///root/.local/share/jupyter/runtime/jpserver-358-open.html'
[I 2026-04-20 13:36:11.641 ServerApp] jupyter_lsp | extension was successfully linked.
[I 2026-04-20 13:36:11.645 ServerApp] jupyter_server_terminals | extension was successfully linked.
[W 2026-04-20 13:36:11.647 LabApp] 'token' has moved from NotebookApp to ServerApp. This config will be passed to ServerApp. Be sure to update your config before our next release.
[W 2026-04-20 13:36:11.652 ServerApp] ServerApp.token config is deprecated in 2.0. Use IdentityProvider.token.
[I 2026-04-20 13:36:11.652 ServerApp] jupyterlab | extension was successfully linked.
[I 2026-04-20 13:36:11.656 ServerApp] notebook | extension was successfully linked.
[I 2026-04-20 13:36:12.357 ServerApp] notebook_shim | extension was successfully linked.
[I 2026-04-20 13:36:12.384 ServerApp] notebook_shim | extension was successfully loaded.
[I 2026-04-20 13:36:12.388 ServerApp] jupyter_lsp | extension was successfully loaded.
[I 2026-04-20 13:36:12.389 ServerApp] jupyter_server_terminals | extension was successfully loaded.
[I 2026-04-20 13:36:12.397 LabApp] JupyterLab extension loaded from /usr/local/lib/python3.12/dist-packages/jupyterlab
[I 2026-04-20 13:36:12.397 LabApp] JupyterLab application directory is /usr/local/share/jupyter/lab
[I 2026-04-20 13:36:12.398 LabApp] Extension Manager is 'pypi'.
[I 2026-04-20 13:36:12.465 ServerApp] jupyterlab | extension was successfully loaded.
[I 2026-04-20 13:36:12.469 ServerApp] notebook | extension was successfully loaded.
[I 2026-04-20 13:36:12.470 ServerApp] Serving notebooks from local directory: /workspaces/vital-ai-windesheim-groep-4
[I 2026-04-20 13:36:12.471 ServerApp] Jupyter Server 2.17.0 is running at:
[I 2026-04-20 13:36:12.471 ServerApp] http://64cac2ba0423:8888/tree?token=...
[I 2026-04-20 13:36:12.471 ServerApp]     http://127.0.0.1:8888/tree?token=...
[I 2026-04-20 13:36:12.472 ServerApp] Use Control-C to stop this server and shut down all kernels (twice to skip confirmation).
[I 2026-04-20 13:36:12.916 ServerApp] Skipped non-installed server(s): basedpyright, bash-language-server, dockerfile-language-server-nodejs, javascript-typescript-langserver, jedi-language-server, julia-language-server, pyrefly, pyright, python-language-server, python-lsp-server, r-languageserver, sql-language-server, texlab, typescript-language-server, unified-language-server, vscode-css-languageserver-bin, vscode-html-languageserver-bin, vscode-json-languageserver-bin, yaml-language-server
WARNING: You don't seem to have any mimeinfo.cache files.
Try running the update-desktop-database command. If you
don't have this command you should install the
desktop-file-utils package. This package is available from
http://freedesktop.org/wiki/Software/desktop-file-utils/
No applications found for mimetype: text/html
./usr/bin/xdg-open: 882: x-www-browser: not found
/usr/bin/xdg-open: 882: firefox: not found
/usr/bin/xdg-open: 882: iceweasel: not found
/usr/bin/xdg-open: 882: seamonkey: not found
/usr/bin/xdg-open: 882: mozilla: not found
/usr/bin/xdg-open: 882: epiphany: not found
/usr/bin/xdg-open: 882: konqueror: not found
/usr/bin/xdg-open: 882: chromium: not found
/usr/bin/xdg-open: 882: chromium-browser: not found
/usr/bin/xdg-open: 882: google-chrome: not found
/usr/bin/xdg-open: 882: www-browser: not found
/usr/bin/xdg-open: 882: links2: not found
/usr/bin/xdg-open: 882: elinks: not found
/usr/bin/xdg-open: 882: links: not found
/usr/bin/xdg-open: 882: lynx: not found
/usr/bin/xdg-open: 882: w3m: not found
xdg-open: no method available for opening 'file:///root/.local/share/jupyter/runtime/jpserver-364-open.html'
[I 2026-04-20 17:27:07.812 ServerApp] jupyter_lsp | extension was successfully linked.
[I 2026-04-20 17:27:07.815 ServerApp] jupyter_server_terminals | extension was successfully linked.
[W 2026-04-20 17:27:07.816 LabApp] 'token' has moved from NotebookApp to ServerApp. This config will be passed to ServerApp. Be sure to update your config before our next release.
[W 2026-04-20 17:27:07.820 ServerApp] ServerApp.token config is deprecated in 2.0. Use IdentityProvider.token.
[I 2026-04-20 17:27:07.820 ServerApp] jupyterlab | extension was successfully linked.
[I 2026-04-20 17:27:07.823 ServerApp] notebook | extension was successfully linked.
[I 2026-04-20 17:27:08.350 ServerApp] notebook_shim | extension was successfully linked.
[I 2026-04-20 17:27:08.377 ServerApp] notebook_shim | extension was successfully loaded.
[I 2026-04-20 17:27:08.381 ServerApp] jupyter_lsp | extension was successfully loaded.
[I 2026-04-20 17:27:08.382 ServerApp] jupyter_server_terminals | extension was successfully loaded.
[I 2026-04-20 17:27:08.396 LabApp] JupyterLab extension loaded from /usr/local/lib/python3.12/dist-packages/jupyterlab
[I 2026-04-20 17:27:08.397 LabApp] JupyterLab application directory is /usr/local/share/jupyter/lab
[I 2026-04-20 17:27:08.398 LabApp] Extension Manager is 'pypi'.
[I 2026-04-20 17:27:08.572 ServerApp] jupyterlab | extension was successfully loaded.
[I 2026-04-20 17:27:08.583 ServerApp] notebook | extension was successfully loaded.
[I 2026-04-20 17:27:08.587 ServerApp] Serving notebooks from local directory: /workspaces/vital-ai-windesheim-groep-4
[I 2026-04-20 17:27:08.588 ServerApp] Jupyter Server 2.17.0 is running at:
[I 2026-04-20 17:27:08.590 ServerApp] http://64cac2ba0423:8888/tree?token=...
[I 2026-04-20 17:27:08.591 ServerApp]     http://127.0.0.1:8888/tree?token=...
[I 2026-04-20 17:27:08.593 ServerApp] Use Control-C to stop this server and shut down all kernels (twice to skip confirmation).
[I 2026-04-20 17:27:09.210 ServerApp] Skipped non-installed server(s): basedpyright, bash-language-server, dockerfile-language-server-nodejs, javascript-typescript-langserver, jedi-language-server, julia-language-server, pyrefly, pyright, python-language-server, python-lsp-server, r-languageserver, sql-language-server, texlab, typescript-language-server, unified-language-server, vscode-css-languageserver-bin, vscode-html-languageserver-bin, vscode-json-languageserver-bin, yaml-language-server
WARNING: You don't seem to have any mimeinfo.cache files.
Try running the update-desktop-database command. If you
don't have this command you should install the
desktop-file-utils package. This package is available from
http://freedesktop.org/wiki/Software/desktop-file-utils/
No applications found for mimetype: text/html
./usr/bin/xdg-open: 882: x-www-browser: not found
/usr/bin/xdg-open: 882: firefox: not found
/usr/bin/xdg-open: 882: iceweasel: not found
/usr/bin/xdg-open: 882: seamonkey: not found
/usr/bin/xdg-open: 882: mozilla: not found
/usr/bin/xdg-open: 882: epiphany: not found
/usr/bin/xdg-open: 882: konqueror: not found
/usr/bin/xdg-open: 882: chromium: not found
/usr/bin/xdg-open: 882: chromium-browser: not found
/usr/bin/xdg-open: 882: google-chrome: not found
/usr/bin/xdg-open: 882: www-browser: not found
/usr/bin/xdg-open: 882: links2: not found
/usr/bin/xdg-open: 882: elinks: not found
/usr/bin/xdg-open: 882: links: not found
/usr/bin/xdg-open: 882: lynx: not found
/usr/bin/xdg-open: 882: w3m: not found
xdg-open: no method available for opening 'file:///root/.local/share/jupyter/runtime/jpserver-363-open.html'
[I 2026-04-22 08:58:07.414 ServerApp] jupyter_lsp | extension was successfully linked.
[I 2026-04-22 08:58:07.422 ServerApp] jupyter_server_terminals | extension was successfully linked.
[W 2026-04-22 08:58:07.435 LabApp] 'token' has moved from NotebookApp to ServerApp. This config will be passed to ServerApp. Be sure to update your config before our next release.
[W 2026-04-22 08:58:07.447 ServerApp] ServerApp.token config is deprecated in 2.0. Use IdentityProvider.token.
[I 2026-04-22 08:58:07.450 ServerApp] jupyterlab | extension was successfully linked.
[I 2026-04-22 08:58:07.457 ServerApp] notebook | extension was successfully linked.
[I 2026-04-22 08:58:08.586 ServerApp] notebook_shim | extension was successfully linked.
[I 2026-04-22 08:58:08.625 ServerApp] notebook_shim | extension was successfully loaded.
[I 2026-04-22 08:58:08.640 ServerApp] jupyter_lsp | extension was successfully loaded.
[I 2026-04-22 08:58:08.654 ServerApp] jupyter_server_terminals | extension was successfully loaded.
[I 2026-04-22 08:58:08.711 LabApp] JupyterLab extension loaded from /usr/local/lib/python3.12/dist-packages/jupyterlab
[I 2026-04-22 08:58:08.716 LabApp] JupyterLab application directory is /usr/local/share/jupyter/lab
[I 2026-04-22 08:58:08.726 LabApp] Extension Manager is 'pypi'.
[I 2026-04-22 08:58:09.284 ServerApp] jupyterlab | extension was successfully loaded.
[I 2026-04-22 08:58:09.312 ServerApp] notebook | extension was successfully loaded.
[I 2026-04-22 08:58:09.313 ServerApp] Serving notebooks from local directory: /workspaces/vital-ai-windesheim-groep-4
[I 2026-04-22 08:58:09.314 ServerApp] Jupyter Server 2.17.0 is running at:
[I 2026-04-22 08:58:09.314 ServerApp] http://64cac2ba0423:8888/tree?token=...
[I 2026-04-22 08:58:09.319 ServerApp]     http://127.0.0.1:8888/tree?token=...
[I 2026-04-22 08:58:09.325 ServerApp] Use Control-C to stop this server and shut down all kernels (twice to skip confirmation).
[I 2026-04-22 08:58:09.724 ServerApp] Skipped non-installed server(s): basedpyright, bash-language-server, dockerfile-language-server-nodejs, javascript-typescript-langserver, jedi-language-server, julia-language-server, pyrefly, pyright, python-language-server, python-lsp-server, r-languageserver, sql-language-server, texlab, typescript-language-server, unified-language-server, vscode-css-languageserver-bin, vscode-html-languageserver-bin, vscode-json-languageserver-bin, yaml-language-server
WARNING: You don't seem to have any mimeinfo.cache files.
Try running the update-desktop-database command. If you
don't have this command you should install the
desktop-file-utils package. This package is available from
http://freedesktop.org/wiki/Software/desktop-file-utils/
No applications found for mimetype: text/html
./usr/bin/xdg-open: 882: x-www-browser: not found
/usr/bin/xdg-open: 882: firefox: not found
/usr/bin/xdg-open: 882: iceweasel: not found
/usr/bin/xdg-open: 882: seamonkey: not found
/usr/bin/xdg-open: 882: mozilla: not found
/usr/bin/xdg-open: 882: epiphany: not found
/usr/bin/xdg-open: 882: konqueror: not found
/usr/bin/xdg-open: 882: chromium: not found
/usr/bin/xdg-open: 882: chromium-browser: not found
/usr/bin/xdg-open: 882: google-chrome: not found
/usr/bin/xdg-open: 882: www-browser: not found
/usr/bin/xdg-open: 882: links2: not found
/usr/bin/xdg-open: 882: elinks: not found
/usr/bin/xdg-open: 882: links: not found
/usr/bin/xdg-open: 882: lynx: not found
/usr/bin/xdg-open: 882: w3m: not found
xdg-open: no method available for opening 'file:///root/.local/share/jupyter/runtime/jpserver-376-open.html'
[I 2026-04-25 16:55:27.843 ServerApp] jupyter_lsp | extension was successfully linked.
[I 2026-04-25 16:55:27.851 ServerApp] jupyter_server_terminals | extension was successfully linked.
[W 2026-04-25 16:55:27.855 LabApp] 'token' has moved from NotebookApp to ServerApp. This config will be passed to ServerApp. Be sure to update your config before our next release.
[W 2026-04-25 16:55:27.865 ServerApp] ServerApp.token config is deprecated in 2.0. Use IdentityProvider.token.
[I 2026-04-25 16:55:27.866 ServerApp] jupyterlab | extension was successfully linked.
[I 2026-04-25 16:55:27.874 ServerApp] notebook | extension was successfully linked.
[I 2026-04-25 16:55:28.677 ServerApp] notebook_shim | extension was successfully linked.
[I 2026-04-25 16:55:28.737 ServerApp] notebook_shim | extension was successfully loaded.
[I 2026-04-25 16:55:28.744 ServerApp] jupyter_lsp | extension was successfully loaded.
[I 2026-04-25 16:55:28.746 ServerApp] jupyter_server_terminals | extension was successfully loaded.
[I 2026-04-25 16:55:28.762 LabApp] JupyterLab extension loaded from /usr/local/lib/python3.12/dist-packages/jupyterlab
[I 2026-04-25 16:55:28.763 LabApp] JupyterLab application directory is /usr/local/share/jupyter/lab
[I 2026-04-25 16:55:28.765 LabApp] Extension Manager is 'pypi'.
[I 2026-04-25 16:55:28.883 ServerApp] jupyterlab | extension was successfully loaded.
[I 2026-04-25 16:55:28.887 ServerApp] notebook | extension was successfully loaded.
[I 2026-04-25 16:55:28.889 ServerApp] Serving notebooks from local directory: /workspaces/vital-ai-windesheim-groep-4
[I 2026-04-25 16:55:28.890 ServerApp] Jupyter Server 2.17.0 is running at:
[I 2026-04-25 16:55:28.890 ServerApp] http://64cac2ba0423:8888/tree?token=...
[I 2026-04-25 16:55:28.890 ServerApp]     http://127.0.0.1:8888/tree?token=...
[I 2026-04-25 16:55:28.891 ServerApp] Use Control-C to stop this server and shut down all kernels (twice to skip confirmation).
[I 2026-04-25 16:55:28.955 ServerApp] Skipped non-installed server(s): basedpyright, bash-language-server, dockerfile-language-server-nodejs, javascript-typescript-langserver, jedi-language-server, julia-language-server, pyrefly, pyright, python-language-server, python-lsp-server, r-languageserver, sql-language-server, texlab, typescript-language-server, unified-language-server, vscode-css-languageserver-bin, vscode-html-languageserver-bin, vscode-json-languageserver-bin, yaml-language-server
WARNING: You don't seem to have any mimeinfo.cache files.
Try running the update-desktop-database command. If you
don't have this command you should install the
desktop-file-utils package. This package is available from
http://freedesktop.org/wiki/Software/desktop-file-utils/
No applications found for mimetype: text/html
./usr/bin/xdg-open: 882: x-www-browser: not found
/usr/bin/xdg-open: 882: firefox: not found
/usr/bin/xdg-open: 882: iceweasel: not found
/usr/bin/xdg-open: 882: seamonkey: not found
/usr/bin/xdg-open: 882: mozilla: not found
/usr/bin/xdg-open: 882: epiphany: not found
/usr/bin/xdg-open: 882: konqueror: not found
/usr/bin/xdg-open: 882: chromium: not found
/usr/bin/xdg-open: 882: chromium-browser: not found
/usr/bin/xdg-open: 882: google-chrome: not found
/usr/bin/xdg-open: 882: www-browser: not found
/usr/bin/xdg-open: 882: links2: not found
/usr/bin/xdg-open: 882: elinks: not found
/usr/bin/xdg-open: 882: links: not found
/usr/bin/xdg-open: 882: lynx: not found
/usr/bin/xdg-open: 882: w3m: not found
xdg-open: no method available for opening 'file:///root/.local/share/jupyter/runtime/jpserver-387-open.html'
[I 2026-04-26 19:50:21.995 ServerApp] jupyter_lsp | extension was successfully linked.
[I 2026-04-26 19:50:21.999 ServerApp] jupyter_server_terminals | extension was successfully linked.
[W 2026-04-26 19:50:22.005 LabApp] 'token' has moved from NotebookApp to ServerApp. This config will be passed to ServerApp. Be sure to update your config before our next release.
[W 2026-04-26 19:50:22.008 ServerApp] ServerApp.token config is deprecated in 2.0. Use IdentityProvider.token.
[I 2026-04-26 19:50:22.008 ServerApp] jupyterlab | extension was successfully linked.
[I 2026-04-26 19:50:22.012 ServerApp] notebook | extension was successfully linked.
[I 2026-04-26 19:50:22.644 ServerApp] notebook_shim | extension was successfully linked.
[I 2026-04-26 19:50:22.680 ServerApp] notebook_shim | extension was successfully loaded.
[I 2026-04-26 19:50:22.685 ServerApp] jupyter_lsp | extension was successfully loaded.
[I 2026-04-26 19:50:22.686 ServerApp] jupyter_server_terminals | extension was successfully loaded.
[I 2026-04-26 19:50:22.696 LabApp] JupyterLab extension loaded from /usr/local/lib/python3.12/dist-packages/jupyterlab
[I 2026-04-26 19:50:22.696 LabApp] JupyterLab application directory is /usr/local/share/jupyter/lab
[I 2026-04-26 19:50:22.697 LabApp] Extension Manager is 'pypi'.
[I 2026-04-26 19:50:22.772 ServerApp] jupyterlab | extension was successfully loaded.
[I 2026-04-26 19:50:22.776 ServerApp] notebook | extension was successfully loaded.
[I 2026-04-26 19:50:22.777 ServerApp] Serving notebooks from local directory: /workspaces/vital-ai-windesheim-groep-4
[I 2026-04-26 19:50:22.777 ServerApp] Jupyter Server 2.17.0 is running at:
[I 2026-04-26 19:50:22.778 ServerApp] http://64cac2ba0423:8888/tree?token=...
[I 2026-04-26 19:50:22.778 ServerApp]     http://127.0.0.1:8888/tree?token=...
[I 2026-04-26 19:50:22.778 ServerApp] Use Control-C to stop this server and shut down all kernels (twice to skip confirmation).
[I 2026-04-26 19:50:23.138 ServerApp] Skipped non-installed server(s): basedpyright, bash-language-server, dockerfile-language-server-nodejs, javascript-typescript-langserver, jedi-language-server, julia-language-server, pyrefly, pyright, python-language-server, python-lsp-server, r-languageserver, sql-language-server, texlab, typescript-language-server, unified-language-server, vscode-css-languageserver-bin, vscode-html-languageserver-bin, vscode-json-languageserver-bin, yaml-language-server
WARNING: You don't seem to have any mimeinfo.cache files.
Try running the update-desktop-database command. If you
don't have this command you should install the
desktop-file-utils package. This package is available from
http://freedesktop.org/wiki/Software/desktop-file-utils/
No applications found for mimetype: text/html
./usr/bin/xdg-open: 882: x-www-browser: not found
/usr/bin/xdg-open: 882: firefox: not found
/usr/bin/xdg-open: 882: iceweasel: not found
/usr/bin/xdg-open: 882: seamonkey: not found
/usr/bin/xdg-open: 882: mozilla: not found
/usr/bin/xdg-open: 882: epiphany: not found
/usr/bin/xdg-open: 882: konqueror: not found
/usr/bin/xdg-open: 882: chromium: not found
/usr/bin/xdg-open: 882: chromium-browser: not found
/usr/bin/xdg-open: 882: google-chrome: not found
/usr/bin/xdg-open: 882: www-browser: not found
/usr/bin/xdg-open: 882: links2: not found
/usr/bin/xdg-open: 882: elinks: not found
/usr/bin/xdg-open: 882: links: not found
/usr/bin/xdg-open: 882: lynx: not found
/usr/bin/xdg-open: 882: w3m: not found
xdg-open: no method available for opening 'file:///root/.local/share/jupyter/runtime/jpserver-355-open.html'
[I 2026-05-04 15:55:27.672 ServerApp] jupyter_lsp | extension was successfully linked.
[I 2026-05-04 15:55:27.676 ServerApp] jupyter_server_terminals | extension was successfully linked.
[W 2026-05-04 15:55:27.677 LabApp] 'token' has moved from NotebookApp to ServerApp. This config will be passed to ServerApp. Be sure to update your config before our next release.
[W 2026-05-04 15:55:27.679 ServerApp] ServerApp.token config is deprecated in 2.0. Use IdentityProvider.token.
[I 2026-05-04 15:55:27.679 ServerApp] jupyterlab | extension was successfully linked.
[I 2026-05-04 15:55:27.683 ServerApp] notebook | extension was successfully linked.
[I 2026-05-04 15:55:27.685 ServerApp] Writing Jupyter server cookie secret to /root/.local/share/jupyter/runtime/jupyter_cookie_secret
[I 2026-05-04 15:55:27.979 ServerApp] notebook_shim | extension was successfully linked.
[I 2026-05-04 15:55:27.993 ServerApp] notebook_shim | extension was successfully loaded.
[I 2026-05-04 15:55:27.996 ServerApp] jupyter_lsp | extension was successfully loaded.
[I 2026-05-04 15:55:27.997 ServerApp] jupyter_server_terminals | extension was successfully loaded.
[I 2026-05-04 15:55:27.999 LabApp] JupyterLab extension loaded from /usr/local/lib/python3.12/dist-packages/jupyterlab
[I 2026-05-04 15:55:27.999 LabApp] JupyterLab application directory is /usr/local/share/jupyter/lab
[I 2026-05-04 15:55:28.000 LabApp] Extension Manager is 'pypi'.
[I 2026-05-04 15:55:28.047 ServerApp] jupyterlab | extension was successfully loaded.
[I 2026-05-04 15:55:28.050 ServerApp] notebook | extension was successfully loaded.
[I 2026-05-04 15:55:28.051 ServerApp] Serving notebooks from local directory: /workspaces/vital-ai-windesheim-groep-4
[I 2026-05-04 15:55:28.051 ServerApp] Jupyter Server 2.18.0 is running at:
[I 2026-05-04 15:55:28.052 ServerApp] http://93de2a7d2685:8888/tree?token=...
[I 2026-05-04 15:55:28.052 ServerApp]     http://127.0.0.1:8888/tree?token=...
[I 2026-05-04 15:55:28.052 ServerApp] Use Control-C to stop this server and shut down all kernels (twice to skip confirmation).
[I 2026-05-04 15:55:28.304 ServerApp] Skipped non-installed server(s): basedpyright, bash-language-server, dockerfile-language-server-nodejs, javascript-typescript-langserver, jedi-language-server, julia-language-server, pyrefly, pyright, python-language-server, python-lsp-server, r-languageserver, sql-language-server, texlab, typescript-language-server, unified-language-server, vscode-css-languageserver-bin, vscode-html-languageserver-bin, vscode-json-languageserver-bin, yaml-language-server
WARNING: You don't seem to have any mimeinfo.cache files.
Try running the update-desktop-database command. If you
don't have this command you should install the
desktop-file-utils package. This package is available from
http://freedesktop.org/wiki/Software/desktop-file-utils/
No applications found for mimetype: text/html
./usr/bin/xdg-open: 882: x-www-browser: not found
/usr/bin/xdg-open: 882: firefox: not found
/usr/bin/xdg-open: 882: iceweasel: not found
/usr/bin/xdg-open: 882: seamonkey: not found
/usr/bin/xdg-open: 882: mozilla: not found
/usr/bin/xdg-open: 882: epiphany: not found
/usr/bin/xdg-open: 882: konqueror: not found
/usr/bin/xdg-open: 882: chromium: not found
/usr/bin/xdg-open: 882: chromium-browser: not found
/usr/bin/xdg-open: 882: google-chrome: not found
/usr/bin/xdg-open: 882: www-browser: not found
/usr/bin/xdg-open: 882: links2: not found
/usr/bin/xdg-open: 882: elinks: not found
/usr/bin/xdg-open: 882: links: not found
/usr/bin/xdg-open: 882: lynx: not found
/usr/bin/xdg-open: 882: w3m: not found
xdg-open: no method available for opening 'file:///root/.local/share/jupyter/runtime/jpserver-406-open.html'
[I 2026-05-04 16:35:59.169 ServerApp] jupyter_lsp | extension was successfully linked.
[I 2026-05-04 16:35:59.173 ServerApp] jupyter_server_terminals | extension was successfully linked.
[W 2026-05-04 16:35:59.175 LabApp] 'token' has moved from NotebookApp to ServerApp. This config will be passed to ServerApp. Be sure to update your config before our next release.
[W 2026-05-04 16:35:59.178 ServerApp] ServerApp.token config is deprecated in 2.0. Use IdentityProvider.token.
[I 2026-05-04 16:35:59.178 ServerApp] jupyterlab | extension was successfully linked.
[I 2026-05-04 16:35:59.183 ServerApp] notebook | extension was successfully linked.
[I 2026-05-04 16:35:59.539 ServerApp] notebook_shim | extension was successfully linked.
[I 2026-05-04 16:35:59.564 ServerApp] notebook_shim | extension was successfully loaded.
[I 2026-05-04 16:35:59.567 ServerApp] jupyter_lsp | extension was successfully loaded.
[I 2026-05-04 16:35:59.568 ServerApp] jupyter_server_terminals | extension was successfully loaded.
[I 2026-05-04 16:35:59.575 LabApp] JupyterLab extension loaded from /usr/local/lib/python3.12/dist-packages/jupyterlab
[I 2026-05-04 16:35:59.576 LabApp] JupyterLab application directory is /usr/local/share/jupyter/lab
[I 2026-05-04 16:35:59.576 LabApp] Extension Manager is 'pypi'.
[I 2026-05-04 16:35:59.633 ServerApp] jupyterlab | extension was successfully loaded.
[I 2026-05-04 16:35:59.638 ServerApp] notebook | extension was successfully loaded.
[I 2026-05-04 16:35:59.639 ServerApp] Serving notebooks from local directory: /workspaces/vital-ai-windesheim-groep-4
[I 2026-05-04 16:35:59.640 ServerApp] Jupyter Server 2.18.0 is running at:
[I 2026-05-04 16:35:59.640 ServerApp] http://93de2a7d2685:8888/tree?token=...
[I 2026-05-04 16:35:59.640 ServerApp]     http://127.0.0.1:8888/tree?token=...
[I 2026-05-04 16:35:59.640 ServerApp] Use Control-C to stop this server and shut down all kernels (twice to skip confirmation).
[I 2026-05-04 16:35:59.947 ServerApp] Skipped non-installed server(s): basedpyright, bash-language-server, dockerfile-language-server-nodejs, javascript-typescript-langserver, jedi-language-server, julia-language-server, pyrefly, pyright, python-language-server, python-lsp-server, r-languageserver, sql-language-server, texlab, typescript-language-server, unified-language-server, vscode-css-languageserver-bin, vscode-html-languageserver-bin, vscode-json-languageserver-bin, yaml-language-server
WARNING: You don't seem to have any mimeinfo.cache files.
Try running the update-desktop-database command. If you
don't have this command you should install the
desktop-file-utils package. This package is available from
http://freedesktop.org/wiki/Software/desktop-file-utils/
No applications found for mimetype: text/html
./usr/bin/xdg-open: 882: x-www-browser: not found
/usr/bin/xdg-open: 882: firefox: not found
/usr/bin/xdg-open: 882: iceweasel: not found
/usr/bin/xdg-open: 882: seamonkey: not found
/usr/bin/xdg-open: 882: mozilla: not found
/usr/bin/xdg-open: 882: epiphany: not found
/usr/bin/xdg-open: 882: konqueror: not found
/usr/bin/xdg-open: 882: chromium: not found
/usr/bin/xdg-open: 882: chromium-browser: not found
/usr/bin/xdg-open: 882: google-chrome: not found
/usr/bin/xdg-open: 882: www-browser: not found
/usr/bin/xdg-open: 882: links2: not found
/usr/bin/xdg-open: 882: elinks: not found
/usr/bin/xdg-open: 882: links: not found
/usr/bin/xdg-open: 882: lynx: not found
/usr/bin/xdg-open: 882: w3m: not found
xdg-open: no method available for opening 'file:///root/.local/share/jupyter/runtime/jpserver-353-open.html'
[I 2026-05-08 13:26:01.354 ServerApp] jupyter_lsp | extension was successfully linked.
[I 2026-05-08 13:26:01.359 ServerApp] jupyter_server_terminals | extension was successfully linked.
[W 2026-05-08 13:26:01.362 LabApp] 'token' has moved from NotebookApp to ServerApp. This config will be passed to ServerApp. Be sure to update your config before our next release.
[W 2026-05-08 13:26:01.366 ServerApp] ServerApp.token config is deprecated in 2.0. Use IdentityProvider.token.
[I 2026-05-08 13:26:01.366 ServerApp] jupyterlab | extension was successfully linked.
[I 2026-05-08 13:26:01.372 ServerApp] notebook | extension was successfully linked.
[I 2026-05-08 13:26:01.885 ServerApp] notebook_shim | extension was successfully linked.
[I 2026-05-08 13:26:01.923 ServerApp] notebook_shim | extension was successfully loaded.
[I 2026-05-08 13:26:01.927 ServerApp] jupyter_lsp | extension was successfully loaded.
[I 2026-05-08 13:26:01.928 ServerApp] jupyter_server_terminals | extension was successfully loaded.
[I 2026-05-08 13:26:01.939 LabApp] JupyterLab extension loaded from /usr/local/lib/python3.12/dist-packages/jupyterlab
[I 2026-05-08 13:26:01.939 LabApp] JupyterLab application directory is /usr/local/share/jupyter/lab
[I 2026-05-08 13:26:01.941 LabApp] Extension Manager is 'pypi'.
[I 2026-05-08 13:26:02.042 ServerApp] jupyterlab | extension was successfully loaded.
[I 2026-05-08 13:26:02.047 ServerApp] notebook | extension was successfully loaded.
[I 2026-05-08 13:26:02.049 ServerApp] Serving notebooks from local directory: /workspaces/vital-ai-windesheim-groep-4
[I 2026-05-08 13:26:02.049 ServerApp] Jupyter Server 2.18.0 is running at:
[I 2026-05-08 13:26:02.050 ServerApp] http://93de2a7d2685:8888/tree?token=...
[I 2026-05-08 13:26:02.050 ServerApp]     http://127.0.0.1:8888/tree?token=...
[I 2026-05-08 13:26:02.051 ServerApp] Use Control-C to stop this server and shut down all kernels (twice to skip confirmation).
[I 2026-05-08 13:26:02.528 ServerApp] Skipped non-installed server(s): basedpyright, bash-language-server, dockerfile-language-server-nodejs, javascript-typescript-langserver, jedi-language-server, julia-language-server, pyrefly, pyright, python-language-server, python-lsp-server, r-languageserver, sql-language-server, texlab, typescript-language-server, unified-language-server, vscode-css-languageserver-bin, vscode-html-languageserver-bin, vscode-json-languageserver-bin, yaml-language-server
WARNING: You don't seem to have any mimeinfo.cache files.
Try running the update-desktop-database command. If you
don't have this command you should install the
desktop-file-utils package. This package is available from
http://freedesktop.org/wiki/Software/desktop-file-utils/
No applications found for mimetype: text/html
./usr/bin/xdg-open: 882: x-www-browser: not found
/usr/bin/xdg-open: 882: firefox: not found
/usr/bin/xdg-open: 882: iceweasel: not found
/usr/bin/xdg-open: 882: seamonkey: not found
/usr/bin/xdg-open: 882: mozilla: not found
/usr/bin/xdg-open: 882: epiphany: not found
/usr/bin/xdg-open: 882: konqueror: not found
/usr/bin/xdg-open: 882: chromium: not found
/usr/bin/xdg-open: 882: chromium-browser: not found
/usr/bin/xdg-open: 882: google-chrome: not found
/usr/bin/xdg-open: 882: www-browser: not found
/usr/bin/xdg-open: 882: links2: not found
/usr/bin/xdg-open: 882: elinks: not found
/usr/bin/xdg-open: 882: links: not found
/usr/bin/xdg-open: 882: lynx: not found
/usr/bin/xdg-open: 882: w3m: not found
xdg-open: no method available for opening 'file:///root/.local/share/jupyter/runtime/jpserver-365-open.html'
[I 2026-05-09 12:01:25.875 ServerApp] jupyter_lsp | extension was successfully linked.
[I 2026-05-09 12:01:25.880 ServerApp] jupyter_server_terminals | extension was successfully linked.
[W 2026-05-09 12:01:25.882 LabApp] 'token' has moved from NotebookApp to ServerApp. This config will be passed to ServerApp. Be sure to update your config before our next release.
[W 2026-05-09 12:01:25.886 ServerApp] ServerApp.token config is deprecated in 2.0. Use IdentityProvider.token.
[I 2026-05-09 12:01:25.886 ServerApp] jupyterlab | extension was successfully linked.
[I 2026-05-09 12:01:25.891 ServerApp] notebook | extension was successfully linked.
[I 2026-05-09 12:01:26.456 ServerApp] notebook_shim | extension was successfully linked.
[I 2026-05-09 12:01:26.491 ServerApp] notebook_shim | extension was successfully loaded.
[I 2026-05-09 12:01:26.495 ServerApp] jupyter_lsp | extension was successfully loaded.
[I 2026-05-09 12:01:26.496 ServerApp] jupyter_server_terminals | extension was successfully loaded.
[I 2026-05-09 12:01:26.505 LabApp] JupyterLab extension loaded from /usr/local/lib/python3.12/dist-packages/jupyterlab
[I 2026-05-09 12:01:26.505 LabApp] JupyterLab application directory is /usr/local/share/jupyter/lab
[I 2026-05-09 12:01:26.507 LabApp] Extension Manager is 'pypi'.
[I 2026-05-09 12:01:26.577 ServerApp] jupyterlab | extension was successfully loaded.
[I 2026-05-09 12:01:26.582 ServerApp] notebook | extension was successfully loaded.
[I 2026-05-09 12:01:26.583 ServerApp] Serving notebooks from local directory: /workspaces/vital-ai-windesheim-groep-4
[I 2026-05-09 12:01:26.584 ServerApp] Jupyter Server 2.18.0 is running at:
[I 2026-05-09 12:01:26.584 ServerApp] http://93de2a7d2685:8888/tree?token=...
[I 2026-05-09 12:01:26.584 ServerApp]     http://127.0.0.1:8888/tree?token=...
[I 2026-05-09 12:01:26.585 ServerApp] Use Control-C to stop this server and shut down all kernels (twice to skip confirmation).
[I 2026-05-09 12:01:27.134 ServerApp] Skipped non-installed server(s): basedpyright, bash-language-server, dockerfile-language-server-nodejs, javascript-typescript-langserver, jedi-language-server, julia-language-server, pyrefly, pyright, python-language-server, python-lsp-server, r-languageserver, sql-language-server, texlab, typescript-language-server, unified-language-server, vscode-css-languageserver-bin, vscode-html-languageserver-bin, vscode-json-languageserver-bin, yaml-language-server
WARNING: You don't seem to have any mimeinfo.cache files.
Try running the update-desktop-database command. If you
don't have this command you should install the
desktop-file-utils package. This package is available from
http://freedesktop.org/wiki/Software/desktop-file-utils/
No applications found for mimetype: text/html
./usr/bin/xdg-open: 882: x-www-browser: not found
/usr/bin/xdg-open: 882: firefox: not found
/usr/bin/xdg-open: 882: iceweasel: not found
/usr/bin/xdg-open: 882: seamonkey: not found
/usr/bin/xdg-open: 882: mozilla: not found
/usr/bin/xdg-open: 882: epiphany: not found
/usr/bin/xdg-open: 882: konqueror: not found
/usr/bin/xdg-open: 882: chromium: not found
/usr/bin/xdg-open: 882: chromium-browser: not found
/usr/bin/xdg-open: 882: google-chrome: not found
/usr/bin/xdg-open: 882: www-browser: not found
/usr/bin/xdg-open: 882: links2: not found
/usr/bin/xdg-open: 882: elinks: not found
/usr/bin/xdg-open: 882: links: not found
/usr/bin/xdg-open: 882: lynx: not found
/usr/bin/xdg-open: 882: w3m: not found
xdg-open: no method available for opening 'file:///root/.local/share/jupyter/runtime/jpserver-366-open.html'
[I 2026-05-09 20:52:07.850 ServerApp] jupyter_lsp | extension was successfully linked.
[I 2026-05-09 20:52:07.854 ServerApp] jupyter_server_terminals | extension was successfully linked.
[W 2026-05-09 20:52:07.856 LabApp] 'token' has moved from NotebookApp to ServerApp. This config will be passed to ServerApp. Be sure to update your config before our next release.
[W 2026-05-09 20:52:07.858 ServerApp] ServerApp.token config is deprecated in 2.0. Use IdentityProvider.token.
[I 2026-05-09 20:52:07.859 ServerApp] jupyterlab | extension was successfully linked.
[I 2026-05-09 20:52:07.862 ServerApp] notebook | extension was successfully linked.
[I 2026-05-09 20:52:08.258 ServerApp] notebook_shim | extension was successfully linked.
[I 2026-05-09 20:52:08.277 ServerApp] notebook_shim | extension was successfully loaded.
[I 2026-05-09 20:52:08.280 ServerApp] jupyter_lsp | extension was successfully loaded.
[I 2026-05-09 20:52:08.281 ServerApp] jupyter_server_terminals | extension was successfully loaded.
[I 2026-05-09 20:52:08.283 LabApp] JupyterLab extension loaded from /usr/local/lib/python3.12/dist-packages/jupyterlab
[I 2026-05-09 20:52:08.284 LabApp] JupyterLab application directory is /usr/local/share/jupyter/lab
[I 2026-05-09 20:52:08.284 LabApp] Extension Manager is 'pypi'.
[I 2026-05-09 20:52:08.333 ServerApp] jupyterlab | extension was successfully loaded.
[I 2026-05-09 20:52:08.336 ServerApp] notebook | extension was successfully loaded.
[I 2026-05-09 20:52:08.337 ServerApp] Serving notebooks from local directory: /workspaces/vital-ai-windesheim-groep-4
[I 2026-05-09 20:52:08.337 ServerApp] Jupyter Server 2.18.0 is running at:
[I 2026-05-09 20:52:08.338 ServerApp] http://b7f1f1dec1bf:8888/tree?token=...
[I 2026-05-09 20:52:08.338 ServerApp]     http://127.0.0.1:8888/tree?token=...
[I 2026-05-09 20:52:08.338 ServerApp] Use Control-C to stop this server and shut down all kernels (twice to skip confirmation).
[W 2026-05-09 20:52:08.342 ServerApp] No web browser found: Error('could not locate runnable browser').
[I 2026-05-09 20:52:08.363 ServerApp] Skipped non-installed server(s): basedpyright, bash-language-server, dockerfile-language-server-nodejs, javascript-typescript-langserver, jedi-language-server, julia-language-server, pyrefly, pyright, python-language-server, python-lsp-server, r-languageserver, sql-language-server, texlab, typescript-language-server, unified-language-server, vscode-css-languageserver-bin, vscode-html-languageserver-bin, vscode-json-languageserver-bin, yaml-language-server
[I 2026-05-09 22:19:42.145 ServerApp] jupyter_lsp | extension was successfully linked.
[I 2026-05-09 22:19:42.149 ServerApp] jupyter_server_terminals | extension was successfully linked.
[W 2026-05-09 22:19:42.150 LabApp] 'token' has moved from NotebookApp to ServerApp. This config will be passed to ServerApp. Be sure to update your config before our next release.
[W 2026-05-09 22:19:42.152 ServerApp] ServerApp.token config is deprecated in 2.0. Use IdentityProvider.token.
[I 2026-05-09 22:19:42.153 ServerApp] jupyterlab | extension was successfully linked.
[I 2026-05-09 22:19:42.156 ServerApp] notebook | extension was successfully linked.
[I 2026-05-09 22:19:42.157 ServerApp] Writing Jupyter server cookie secret to /root/.local/share/jupyter/runtime/jupyter_cookie_secret
[I 2026-05-09 22:19:42.464 ServerApp] notebook_shim | extension was successfully linked.
[I 2026-05-09 22:19:42.481 ServerApp] notebook_shim | extension was successfully loaded.
[I 2026-05-09 22:19:42.484 ServerApp] jupyter_lsp | extension was successfully loaded.
[I 2026-05-09 22:19:42.484 ServerApp] jupyter_server_terminals | extension was successfully loaded.
[I 2026-05-09 22:19:42.486 LabApp] JupyterLab extension loaded from /usr/local/lib/python3.12/dist-packages/jupyterlab
[I 2026-05-09 22:19:42.487 LabApp] JupyterLab application directory is /usr/local/share/jupyter/lab
[I 2026-05-09 22:19:42.487 LabApp] Extension Manager is 'pypi'.
[I 2026-05-09 22:19:42.533 ServerApp] jupyterlab | extension was successfully loaded.
[I 2026-05-09 22:19:42.536 ServerApp] notebook | extension was successfully loaded.
[I 2026-05-09 22:19:42.537 ServerApp] Serving notebooks from local directory: /workspaces/vital-ai-windesheim-groep-4
[I 2026-05-09 22:19:42.537 ServerApp] Jupyter Server 2.18.2 is running at:
[I 2026-05-09 22:19:42.537 ServerApp] http://427af489ae58:8888/tree?token=...
[I 2026-05-09 22:19:42.537 ServerApp]     http://127.0.0.1:8888/tree?token=...
[I 2026-05-09 22:19:42.538 ServerApp] Use Control-C to stop this server and shut down all kernels (twice to skip confirmation).
[W 2026-05-09 22:19:42.541 ServerApp] No web browser found: Error('could not locate runnable browser').
[I 2026-05-09 22:19:42.562 ServerApp] Skipped non-installed server(s): basedpyright, bash-language-server, dockerfile-language-server-nodejs, javascript-typescript-langserver, jedi-language-server, julia-language-server, pyrefly, pyright, python-language-server, python-lsp-server, r-languageserver, sql-language-server, texlab, typescript-language-server, unified-language-server, vscode-css-languageserver-bin, vscode-html-languageserver-bin, vscode-json-languageserver-bin, yaml-language-server
[I 2026-05-10 17:07:00.640 ServerApp] jupyter_lsp | extension was successfully linked.
[I 2026-05-10 17:07:00.645 ServerApp] jupyter_server_terminals | extension was successfully linked.
[W 2026-05-10 17:07:00.648 LabApp] 'token' has moved from NotebookApp to ServerApp. This config will be passed to ServerApp. Be sure to update your config before our next release.
[W 2026-05-10 17:07:00.652 ServerApp] ServerApp.token config is deprecated in 2.0. Use IdentityProvider.token.
[I 2026-05-10 17:07:00.652 ServerApp] jupyterlab | extension was successfully linked.
[I 2026-05-10 17:07:00.656 ServerApp] notebook | extension was successfully linked.
[I 2026-05-10 17:07:01.086 ServerApp] notebook_shim | extension was successfully linked.
[I 2026-05-10 17:07:01.110 ServerApp] notebook_shim | extension was successfully loaded.
[I 2026-05-10 17:07:01.114 ServerApp] jupyter_lsp | extension was successfully loaded.
[I 2026-05-10 17:07:01.115 ServerApp] jupyter_server_terminals | extension was successfully loaded.
[I 2026-05-10 17:07:01.117 LabApp] JupyterLab extension loaded from /usr/local/lib/python3.12/dist-packages/jupyterlab
[I 2026-05-10 17:07:01.118 LabApp] JupyterLab application directory is /usr/local/share/jupyter/lab
[I 2026-05-10 17:07:01.118 LabApp] Extension Manager is 'pypi'.
[I 2026-05-10 17:07:01.169 ServerApp] jupyterlab | extension was successfully loaded.
[I 2026-05-10 17:07:01.173 ServerApp] notebook | extension was successfully loaded.
[I 2026-05-10 17:07:01.174 ServerApp] Serving notebooks from local directory: /workspaces/vital-ai-windesheim-groep-4
[I 2026-05-10 17:07:01.174 ServerApp] Jupyter Server 2.18.2 is running at:
[I 2026-05-10 17:07:01.174 ServerApp] http://427af489ae58:8888/tree?token=...
[I 2026-05-10 17:07:01.174 ServerApp]     http://127.0.0.1:8888/tree?token=...
[I 2026-05-10 17:07:01.174 ServerApp] Use Control-C to stop this server and shut down all kernels (twice to skip confirmation).
[W 2026-05-10 17:07:01.178 ServerApp] No web browser found: Error('could not locate runnable browser').
[I 2026-05-10 17:07:01.199 ServerApp] Skipped non-installed server(s): basedpyright, bash-language-server, dockerfile-language-server-nodejs, javascript-typescript-langserver, jedi-language-server, julia-language-server, pyrefly, pyright, python-language-server, python-lsp-server, r-languageserver, sql-language-server, texlab, typescript-language-server, unified-language-server, vscode-css-languageserver-bin, vscode-html-languageserver-bin, vscode-json-languageserver-bin, yaml-language-server
[I 2026-05-12 08:04:43.315 ServerApp] jupyter_lsp | extension was successfully linked.
[I 2026-05-12 08:04:43.333 ServerApp] jupyter_server_terminals | extension was successfully linked.
[W 2026-05-12 08:04:43.335 LabApp] 'token' has moved from NotebookApp to ServerApp. This config will be passed to ServerApp. Be sure to update your config before our next release.
[W 2026-05-12 08:04:43.339 ServerApp] ServerApp.token config is deprecated in 2.0. Use IdentityProvider.token.
[I 2026-05-12 08:04:43.340 ServerApp] jupyterlab | extension was successfully linked.
[I 2026-05-12 08:04:43.345 ServerApp] notebook | extension was successfully linked.
[I 2026-05-12 08:04:43.929 ServerApp] notebook_shim | extension was successfully linked.
[I 2026-05-12 08:04:43.956 ServerApp] notebook_shim | extension was successfully loaded.
[I 2026-05-12 08:04:43.960 ServerApp] jupyter_lsp | extension was successfully loaded.
[I 2026-05-12 08:04:43.961 ServerApp] jupyter_server_terminals | extension was successfully loaded.
[I 2026-05-12 08:04:43.969 LabApp] JupyterLab extension loaded from /usr/local/lib/python3.12/dist-packages/jupyterlab
[I 2026-05-12 08:04:43.970 LabApp] JupyterLab application directory is /usr/local/share/jupyter/lab
[I 2026-05-12 08:04:43.971 LabApp] Extension Manager is 'pypi'.
[I 2026-05-12 08:04:44.043 ServerApp] jupyterlab | extension was successfully loaded.
[I 2026-05-12 08:04:44.047 ServerApp] notebook | extension was successfully loaded.
[I 2026-05-12 08:04:44.048 ServerApp] Serving notebooks from local directory: /workspaces/vital-ai-windesheim-groep-4
[I 2026-05-12 08:04:44.048 ServerApp] Jupyter Server 2.18.0 is running at:
[I 2026-05-12 08:04:44.049 ServerApp] http://93de2a7d2685:8888/tree?token=...
[I 2026-05-12 08:04:44.049 ServerApp]     http://127.0.0.1:8888/tree?token=...
[I 2026-05-12 08:04:44.049 ServerApp] Use Control-C to stop this server and shut down all kernels (twice to skip confirmation).
[I 2026-05-12 08:04:44.438 ServerApp] Skipped non-installed server(s): basedpyright, bash-language-server, dockerfile-language-server-nodejs, javascript-typescript-langserver, jedi-language-server, julia-language-server, pyrefly, pyright, python-language-server, python-lsp-server, r-languageserver, sql-language-server, texlab, typescript-language-server, unified-language-server, vscode-css-languageserver-bin, vscode-html-languageserver-bin, vscode-json-languageserver-bin, yaml-language-server
WARNING: You don't seem to have any mimeinfo.cache files.
Try running the update-desktop-database command. If you
don't have this command you should install the
desktop-file-utils package. This package is available from
http://freedesktop.org/wiki/Software/desktop-file-utils/
No applications found for mimetype: text/html
./usr/bin/xdg-open: 882: x-www-browser: not found
/usr/bin/xdg-open: 882: firefox: not found
/usr/bin/xdg-open: 882: iceweasel: not found
/usr/bin/xdg-open: 882: seamonkey: not found
/usr/bin/xdg-open: 882: mozilla: not found
/usr/bin/xdg-open: 882: epiphany: not found
/usr/bin/xdg-open: 882: konqueror: not found
/usr/bin/xdg-open: 882: chromium: not found
/usr/bin/xdg-open: 882: chromium-browser: not found
/usr/bin/xdg-open: 882: google-chrome: not found
/usr/bin/xdg-open: 882: www-browser: not found
/usr/bin/xdg-open: 882: links2: not found
/usr/bin/xdg-open: 882: elinks: not found
/usr/bin/xdg-open: 882: links: not found
/usr/bin/xdg-open: 882: lynx: not found
/usr/bin/xdg-open: 882: w3m: not found
xdg-open: no method available for opening 'file:///root/.local/share/jupyter/runtime/jpserver-375-open.html'
[I 2026-05-12 12:44:15.366 ServerApp] Extension package jupyterlab_jupytext took 0.2021s to import
[I 2026-05-12 12:44:15.368 ServerApp] jupyter_lsp | extension was successfully linked.
[I 2026-05-12 12:44:15.373 ServerApp] jupyter_server_terminals | extension was successfully linked.
[W 2026-05-12 12:44:15.374 LabApp] 'token' has moved from NotebookApp to ServerApp. This config will be passed to ServerApp. Be sure to update your config before our next release.
[W 2026-05-12 12:44:15.378 ServerApp] ServerApp.token config is deprecated in 2.0. Use IdentityProvider.token.
[I 2026-05-12 12:44:15.378 ServerApp] jupyterlab | extension was successfully linked.
[I 2026-05-12 12:44:15.378 ServerApp] jupyterlab_jupytext | extension was successfully linked.
[I 2026-05-12 12:44:15.384 ServerApp] notebook | extension was successfully linked.
[I 2026-05-12 12:44:15.200 ServerApp] notebook_shim | extension was successfully linked.
[I 2026-05-12 12:44:15.298 ServerApp] notebook_shim | extension was successfully loaded.
[I 2026-05-12 12:44:15.308 ServerApp] jupyter_lsp | extension was successfully loaded.
[I 2026-05-12 12:44:15.311 ServerApp] jupyter_server_terminals | extension was successfully loaded.
[I 2026-05-12 12:44:15.347 LabApp] JupyterLab extension loaded from /usr/local/lib/python3.12/dist-packages/jupyterlab
[I 2026-05-12 12:44:15.348 LabApp] JupyterLab application directory is /usr/local/share/jupyter/lab
[I 2026-05-12 12:44:15.355 LabApp] Extension Manager is 'pypi'.
[I 2026-05-12 12:44:15.574 ServerApp] jupyterlab | extension was successfully loaded.
[I 2026-05-12 12:44:15.575 ServerApp] [Jupytext Server Extension] Deriving an AsyncTextFileContentsManager from AsyncLargeFileManager
[I 2026-05-12 12:44:15.576 ServerApp] jupyterlab_jupytext | extension was successfully loaded.
[I 2026-05-12 12:44:15.591 ServerApp] notebook | extension was successfully loaded.
[I 2026-05-12 12:44:15.592 ServerApp] Serving notebooks from local directory: /workspaces/vital-ai-windesheim-groep-4
[I 2026-05-12 12:44:15.592 ServerApp] Jupyter Server 2.18.0 is running at:
[I 2026-05-12 12:44:15.593 ServerApp] http://93de2a7d2685:8888/tree?token=...
[I 2026-05-12 12:44:15.593 ServerApp]     http://127.0.0.1:8888/tree?token=...
[I 2026-05-12 12:44:15.593 ServerApp] Use Control-C to stop this server and shut down all kernels (twice to skip confirmation).
[I 2026-05-12 12:44:16.178 ServerApp] Skipped non-installed server(s): basedpyright, bash-language-server, dockerfile-language-server-nodejs, javascript-typescript-langserver, jedi-language-server, julia-language-server, pyrefly, pyright, python-language-server, python-lsp-server, r-languageserver, sql-language-server, texlab, typescript-language-server, unified-language-server, vscode-css-languageserver-bin, vscode-html-languageserver-bin, vscode-json-languageserver-bin, yaml-language-server
WARNING: You don't seem to have any mimeinfo.cache files.
Try running the update-desktop-database command. If you
don't have this command you should install the
desktop-file-utils package. This package is available from
http://freedesktop.org/wiki/Software/desktop-file-utils/
No applications found for mimetype: text/html
./usr/bin/xdg-open: 882: x-www-browser: not found
/usr/bin/xdg-open: 882: firefox: not found
/usr/bin/xdg-open: 882: iceweasel: not found
/usr/bin/xdg-open: 882: seamonkey: not found
/usr/bin/xdg-open: 882: mozilla: not found
/usr/bin/xdg-open: 882: epiphany: not found
/usr/bin/xdg-open: 882: konqueror: not found
/usr/bin/xdg-open: 882: chromium: not found
/usr/bin/xdg-open: 882: chromium-browser: not found
/usr/bin/xdg-open: 882: google-chrome: not found
/usr/bin/xdg-open: 882: www-browser: not found
/usr/bin/xdg-open: 882: links2: not found
/usr/bin/xdg-open: 882: elinks: not found
/usr/bin/xdg-open: 882: links: not found
/usr/bin/xdg-open: 882: lynx: not found
/usr/bin/xdg-open: 882: w3m: not found
xdg-open: no method available for opening 'file:///root/.local/share/jupyter/runtime/jpserver-388-open.html'
[I 2026-05-12 20:48:12.161 ServerApp] Extension package jupyterlab_jupytext took 0.2362s to import
[I 2026-05-12 20:48:12.163 ServerApp] jupyter_lsp | extension was successfully linked.
[I 2026-05-12 20:48:12.168 ServerApp] jupyter_server_terminals | extension was successfully linked.
[W 2026-05-12 20:48:12.171 LabApp] 'token' has moved from NotebookApp to ServerApp. This config will be passed to ServerApp. Be sure to update your config before our next release.
[W 2026-05-12 20:48:12.176 ServerApp] ServerApp.token config is deprecated in 2.0. Use IdentityProvider.token.
[I 2026-05-12 20:48:12.176 ServerApp] jupyterlab | extension was successfully linked.
[I 2026-05-12 20:48:12.177 ServerApp] jupyterlab_jupytext | extension was successfully linked.
[I 2026-05-12 20:48:12.186 ServerApp] notebook | extension was successfully linked.
[I 2026-05-12 20:48:12.817 ServerApp] notebook_shim | extension was successfully linked.
[I 2026-05-12 20:48:12.844 ServerApp] notebook_shim | extension was successfully loaded.
[I 2026-05-12 20:48:12.847 ServerApp] jupyter_lsp | extension was successfully loaded.
[I 2026-05-12 20:48:12.848 ServerApp] jupyter_server_terminals | extension was successfully loaded.
[I 2026-05-12 20:48:12.857 LabApp] JupyterLab extension loaded from /usr/local/lib/python3.12/dist-packages/jupyterlab
[I 2026-05-12 20:48:12.857 LabApp] JupyterLab application directory is /usr/local/share/jupyter/lab
[I 2026-05-12 20:48:12.858 LabApp] Extension Manager is 'pypi'.
[I 2026-05-12 20:48:12.922 ServerApp] jupyterlab | extension was successfully loaded.
[I 2026-05-12 20:48:12.923 ServerApp] [Jupytext Server Extension] Deriving an AsyncTextFileContentsManager from AsyncLargeFileManager
[I 2026-05-12 20:48:12.925 ServerApp] jupyterlab_jupytext | extension was successfully loaded.
[I 2026-05-12 20:48:12.928 ServerApp] notebook | extension was successfully loaded.
[I 2026-05-12 20:48:12.930 ServerApp] Serving notebooks from local directory: /workspaces/vital-ai-windesheim-groep-4
[I 2026-05-12 20:48:12.930 ServerApp] Jupyter Server 2.18.0 is running at:
[I 2026-05-12 20:48:12.931 ServerApp] http://93de2a7d2685:8888/tree?token=...
[I 2026-05-12 20:48:12.931 ServerApp]     http://127.0.0.1:8888/tree?token=...
[I 2026-05-12 20:48:12.931 ServerApp] Use Control-C to stop this server and shut down all kernels (twice to skip confirmation).
[I 2026-05-12 20:48:13.242 ServerApp] Skipped non-installed server(s): basedpyright, bash-language-server, dockerfile-language-server-nodejs, javascript-typescript-langserver, jedi-language-server, julia-language-server, pyrefly, pyright, python-language-server, python-lsp-server, r-languageserver, sql-language-server, texlab, typescript-language-server, unified-language-server, vscode-css-languageserver-bin, vscode-html-languageserver-bin, vscode-json-languageserver-bin, yaml-language-server
WARNING: You don't seem to have any mimeinfo.cache files.
Try running the update-desktop-database command. If you
don't have this command you should install the
desktop-file-utils package. This package is available from
http://freedesktop.org/wiki/Software/desktop-file-utils/
No applications found for mimetype: text/html
./usr/bin/xdg-open: 882: x-www-browser: not found
/usr/bin/xdg-open: 882: firefox: not found
/usr/bin/xdg-open: 882: iceweasel: not found
/usr/bin/xdg-open: 882: seamonkey: not found
/usr/bin/xdg-open: 882: mozilla: not found
/usr/bin/xdg-open: 882: epiphany: not found
/usr/bin/xdg-open: 882: konqueror: not found
/usr/bin/xdg-open: 882: chromium: not found
/usr/bin/xdg-open: 882: chromium-browser: not found
/usr/bin/xdg-open: 882: google-chrome: not found
/usr/bin/xdg-open: 882: www-browser: not found
/usr/bin/xdg-open: 882: links2: not found
/usr/bin/xdg-open: 882: elinks: not found
/usr/bin/xdg-open: 882: links: not found
/usr/bin/xdg-open: 882: lynx: not found
/usr/bin/xdg-open: 882: w3m: not found
xdg-open: no method available for opening 'file:///root/.local/share/jupyter/runtime/jpserver-383-open.html'
[I 2026-05-13 07:36:32.227 ServerApp] Extension package jupyter_lsp took 0.1085s to import
[I 2026-05-13 07:36:33.359 ServerApp] Extension package jupyterlab_jupytext took 0.5599s to import
[I 2026-05-13 07:36:33.365 ServerApp] jupyter_lsp | extension was successfully linked.
[I 2026-05-13 07:36:33.371 ServerApp] jupyter_server_terminals | extension was successfully linked.
[W 2026-05-13 07:36:33.378 LabApp] 'token' has moved from NotebookApp to ServerApp. This config will be passed to ServerApp. Be sure to update your config before our next release.
[W 2026-05-13 07:36:33.388 ServerApp] ServerApp.token config is deprecated in 2.0. Use IdentityProvider.token.
[I 2026-05-13 07:36:33.388 ServerApp] jupyterlab | extension was successfully linked.
[I 2026-05-13 07:36:33.389 ServerApp] jupyterlab_jupytext | extension was successfully linked.
[I 2026-05-13 07:36:33.406 ServerApp] notebook | extension was successfully linked.
[I 2026-05-13 07:36:35.200 ServerApp] notebook_shim | extension was successfully linked.
[I 2026-05-13 07:36:35.242 ServerApp] notebook_shim | extension was successfully loaded.
[I 2026-05-13 07:36:35.247 ServerApp] jupyter_lsp | extension was successfully loaded.
[I 2026-05-13 07:36:35.248 ServerApp] jupyter_server_terminals | extension was successfully loaded.
[I 2026-05-13 07:36:35.259 LabApp] JupyterLab extension loaded from /usr/local/lib/python3.12/dist-packages/jupyterlab
[I 2026-05-13 07:36:35.260 LabApp] JupyterLab application directory is /usr/local/share/jupyter/lab
[I 2026-05-13 07:36:35.265 LabApp] Extension Manager is 'pypi'.
[I 2026-05-13 07:36:35.439 ServerApp] jupyterlab | extension was successfully loaded.
[I 2026-05-13 07:36:35.440 ServerApp] [Jupytext Server Extension] Deriving an AsyncTextFileContentsManager from AsyncLargeFileManager
[I 2026-05-13 07:36:35.443 ServerApp] jupyterlab_jupytext | extension was successfully loaded.
[I 2026-05-13 07:36:35.448 ServerApp] notebook | extension was successfully loaded.
[I 2026-05-13 07:36:35.449 ServerApp] Serving notebooks from local directory: /workspaces/vital-ai-windesheim-groep-4
[I 2026-05-13 07:36:35.450 ServerApp] Jupyter Server 2.18.0 is running at:
[I 2026-05-13 07:36:35.450 ServerApp] http://93de2a7d2685:8888/tree?token=...
[I 2026-05-13 07:36:35.450 ServerApp]     http://127.0.0.1:8888/tree?token=...
[I 2026-05-13 07:36:35.450 ServerApp] Use Control-C to stop this server and shut down all kernels (twice to skip confirmation).
[I 2026-05-13 07:36:35.893 ServerApp] Skipped non-installed server(s): basedpyright, bash-language-server, dockerfile-language-server-nodejs, javascript-typescript-langserver, jedi-language-server, julia-language-server, pyrefly, pyright, python-language-server, python-lsp-server, r-languageserver, sql-language-server, texlab, typescript-language-server, unified-language-server, vscode-css-languageserver-bin, vscode-html-languageserver-bin, vscode-json-languageserver-bin, yaml-language-server
WARNING: You don't seem to have any mimeinfo.cache files.
Try running the update-desktop-database command. If you
don't have this command you should install the
desktop-file-utils package. This package is available from
http://freedesktop.org/wiki/Software/desktop-file-utils/
No applications found for mimetype: text/html
./usr/bin/xdg-open: 882: x-www-browser: not found
/usr/bin/xdg-open: 882: firefox: not found
/usr/bin/xdg-open: 882: iceweasel: not found
/usr/bin/xdg-open: 882: seamonkey: not found
/usr/bin/xdg-open: 882: mozilla: not found
/usr/bin/xdg-open: 882: epiphany: not found
/usr/bin/xdg-open: 882: konqueror: not found
/usr/bin/xdg-open: 882: chromium: not found
/usr/bin/xdg-open: 882: chromium-browser: not found
/usr/bin/xdg-open: 882: google-chrome: not found
/usr/bin/xdg-open: 882: www-browser: not found
/usr/bin/xdg-open: 882: links2: not found
/usr/bin/xdg-open: 882: elinks: not found
/usr/bin/xdg-open: 882: links: not found
/usr/bin/xdg-open: 882: lynx: not found
/usr/bin/xdg-open: 882: w3m: not found
xdg-open: no method available for opening 'file:///root/.local/share/jupyter/runtime/jpserver-417-open.html'
[I 2026-05-13 08:46:57.297 ServerApp] Extension package jupyterlab_jupytext took 0.2163s to import
[I 2026-05-13 08:46:57.299 ServerApp] jupyter_lsp | extension was successfully linked.
[I 2026-05-13 08:46:57.304 ServerApp] jupyter_server_terminals | extension was successfully linked.
[W 2026-05-13 08:46:57.307 LabApp] 'token' has moved from NotebookApp to ServerApp. This config will be passed to ServerApp. Be sure to update your config before our next release.
[W 2026-05-13 08:46:57.312 ServerApp] ServerApp.token config is deprecated in 2.0. Use IdentityProvider.token.
[I 2026-05-13 08:46:57.313 ServerApp] jupyterlab | extension was successfully linked.
[I 2026-05-13 08:46:57.314 ServerApp] jupyterlab_jupytext | extension was successfully linked.
[I 2026-05-13 08:46:57.321 ServerApp] notebook | extension was successfully linked.
[I 2026-05-13 08:46:57.697 ServerApp] notebook_shim | extension was successfully linked.
[I 2026-05-13 08:46:57.732 ServerApp] notebook_shim | extension was successfully loaded.
[I 2026-05-13 08:46:57.737 ServerApp] jupyter_lsp | extension was successfully loaded.
[I 2026-05-13 08:46:57.739 ServerApp] jupyter_server_terminals | extension was successfully loaded.
[I 2026-05-13 08:46:57.750 LabApp] JupyterLab extension loaded from /usr/local/lib/python3.12/dist-packages/jupyterlab
[I 2026-05-13 08:46:57.751 LabApp] JupyterLab application directory is /usr/local/share/jupyter/lab
[I 2026-05-13 08:46:57.752 LabApp] Extension Manager is 'pypi'.
[I 2026-05-13 08:46:57.825 ServerApp] jupyterlab | extension was successfully loaded.
[I 2026-05-13 08:46:57.826 ServerApp] [Jupytext Server Extension] Deriving an AsyncTextFileContentsManager from AsyncLargeFileManager
[I 2026-05-13 08:46:57.828 ServerApp] jupyterlab_jupytext | extension was successfully loaded.
[I 2026-05-13 08:46:57.832 ServerApp] notebook | extension was successfully loaded.
[I 2026-05-13 08:46:57.833 ServerApp] Serving notebooks from local directory: /workspaces/vital-ai-windesheim-groep-4
[I 2026-05-13 08:46:57.833 ServerApp] Jupyter Server 2.18.0 is running at:
[I 2026-05-13 08:46:57.834 ServerApp] http://93de2a7d2685:8888/tree?token=...
[I 2026-05-13 08:46:57.834 ServerApp]     http://127.0.0.1:8888/tree?token=...
[I 2026-05-13 08:46:57.834 ServerApp] Use Control-C to stop this server and shut down all kernels (twice to skip confirmation).
[I 2026-05-13 08:46:58.209 ServerApp] Skipped non-installed server(s): basedpyright, bash-language-server, dockerfile-language-server-nodejs, javascript-typescript-langserver, jedi-language-server, julia-language-server, pyrefly, pyright, python-language-server, python-lsp-server, r-languageserver, sql-language-server, texlab, typescript-language-server, unified-language-server, vscode-css-languageserver-bin, vscode-html-languageserver-bin, vscode-json-languageserver-bin, yaml-language-server
WARNING: You don't seem to have any mimeinfo.cache files.
Try running the update-desktop-database command. If you
don't have this command you should install the
desktop-file-utils package. This package is available from
http://freedesktop.org/wiki/Software/desktop-file-utils/
No applications found for mimetype: text/html
./usr/bin/xdg-open: 882: x-www-browser: not found
/usr/bin/xdg-open: 882: firefox: not found
/usr/bin/xdg-open: 882: iceweasel: not found
/usr/bin/xdg-open: 882: seamonkey: not found
/usr/bin/xdg-open: 882: mozilla: not found
/usr/bin/xdg-open: 882: epiphany: not found
/usr/bin/xdg-open: 882: konqueror: not found
/usr/bin/xdg-open: 882: chromium: not found
/usr/bin/xdg-open: 882: chromium-browser: not found
/usr/bin/xdg-open: 882: google-chrome: not found
/usr/bin/xdg-open: 882: www-browser: not found
/usr/bin/xdg-open: 882: links2: not found
/usr/bin/xdg-open: 882: elinks: not found
/usr/bin/xdg-open: 882: links: not found
/usr/bin/xdg-open: 882: lynx: not found
/usr/bin/xdg-open: 882: w3m: not found
xdg-open: no method available for opening 'file:///root/.local/share/jupyter/runtime/jpserver-383-open.html'
[I 2026-05-13 13:12:49.323 ServerApp] Extension package jupyterlab_jupytext took 0.2149s to import
[I 2026-05-13 13:12:49.326 ServerApp] jupyter_lsp | extension was successfully linked.
[I 2026-05-13 13:12:49.333 ServerApp] jupyter_server_terminals | extension was successfully linked.
[W 2026-05-13 13:12:49.335 LabApp] 'token' has moved from NotebookApp to ServerApp. This config will be passed to ServerApp. Be sure to update your config before our next release.
[W 2026-05-13 13:12:49.340 ServerApp] ServerApp.token config is deprecated in 2.0. Use IdentityProvider.token.
[I 2026-05-13 13:12:49.341 ServerApp] jupyterlab | extension was successfully linked.
[I 2026-05-13 13:12:49.341 ServerApp] jupyterlab_jupytext | extension was successfully linked.
[I 2026-05-13 13:12:49.348 ServerApp] notebook | extension was successfully linked.
[I 2026-05-13 13:12:50.109 ServerApp] notebook_shim | extension was successfully linked.
[I 2026-05-13 13:12:50.151 ServerApp] notebook_shim | extension was successfully loaded.
[I 2026-05-13 13:12:50.155 ServerApp] jupyter_lsp | extension was successfully loaded.
[I 2026-05-13 13:12:50.157 ServerApp] jupyter_server_terminals | extension was successfully loaded.
[I 2026-05-13 13:12:50.172 LabApp] JupyterLab extension loaded from /usr/local/lib/python3.12/dist-packages/jupyterlab
[I 2026-05-13 13:12:50.173 LabApp] JupyterLab application directory is /usr/local/share/jupyter/lab
[I 2026-05-13 13:12:50.182 LabApp] Extension Manager is 'pypi'.
[I 2026-05-13 13:12:50.299 ServerApp] jupyterlab | extension was successfully loaded.
[I 2026-05-13 13:12:50.299 ServerApp] [Jupytext Server Extension] Deriving an AsyncTextFileContentsManager from AsyncLargeFileManager
[I 2026-05-13 13:12:50.302 ServerApp] jupyterlab_jupytext | extension was successfully loaded.
[I 2026-05-13 13:12:50.308 ServerApp] notebook | extension was successfully loaded.
[I 2026-05-13 13:12:50.310 ServerApp] Serving notebooks from local directory: /workspaces/vital-ai-windesheim-groep-4
[I 2026-05-13 13:12:50.310 ServerApp] Jupyter Server 2.18.0 is running at:
[I 2026-05-13 13:12:50.310 ServerApp] http://93de2a7d2685:8888/tree?token=...
[I 2026-05-13 13:12:50.311 ServerApp]     http://127.0.0.1:8888/tree?token=...
[I 2026-05-13 13:12:50.311 ServerApp] Use Control-C to stop this server and shut down all kernels (twice to skip confirmation).
[I 2026-05-13 13:12:50.810 ServerApp] Skipped non-installed server(s): basedpyright, bash-language-server, dockerfile-language-server-nodejs, javascript-typescript-langserver, jedi-language-server, julia-language-server, pyrefly, pyright, python-language-server, python-lsp-server, r-languageserver, sql-language-server, texlab, typescript-language-server, unified-language-server, vscode-css-languageserver-bin, vscode-html-languageserver-bin, vscode-json-languageserver-bin, yaml-language-server
WARNING: You don't seem to have any mimeinfo.cache files.
Try running the update-desktop-database command. If you
don't have this command you should install the
desktop-file-utils package. This package is available from
http://freedesktop.org/wiki/Software/desktop-file-utils/
No applications found for mimetype: text/html
./usr/bin/xdg-open: 882: x-www-browser: not found
/usr/bin/xdg-open: 882: firefox: not found
/usr/bin/xdg-open: 882: iceweasel: not found
/usr/bin/xdg-open: 882: seamonkey: not found
/usr/bin/xdg-open: 882: mozilla: not found
/usr/bin/xdg-open: 882: epiphany: not found
/usr/bin/xdg-open: 882: konqueror: not found
/usr/bin/xdg-open: 882: chromium: not found
/usr/bin/xdg-open: 882: chromium-browser: not found
/usr/bin/xdg-open: 882: google-chrome: not found
/usr/bin/xdg-open: 882: www-browser: not found
/usr/bin/xdg-open: 882: links2: not found
/usr/bin/xdg-open: 882: elinks: not found
/usr/bin/xdg-open: 882: links: not found
/usr/bin/xdg-open: 882: lynx: not found
/usr/bin/xdg-open: 882: w3m: not found
xdg-open: no method available for opening 'file:///root/.local/share/jupyter/runtime/jpserver-407-open.html'
